============================= test session starts ==============================
platform linux -- Python 3.12.8, pytest-7.4.4, pluggy-1.6.0 -- /home/ubuntu/.cache/pypoetry/virtualenvs/telemetry-status-service-1y822yDO-py3.12/bin/python
cachedir: .pytest_cache
rootdir: /home/ubuntu/repos/test-coverage-devin-demo
configfile: pyproject.toml
testpaths: tests
plugins: asyncio-0.21.2, cov-4.1.0, anyio-3.7.1
asyncio: mode=Mode.AUTO
collecting ... collected 17 items

tests/api/test_status_api.py::TestStatusAPI::test_submit_valid_packet_returns_201_like_response PASSED [  5%]
tests/api/test_status_api.py::TestStatusAPI::test_submit_invalid_packet_raises_400 PASSED [ 11%]
tests/api/test_status_api.py::TestStatusAPI::test_readiness_happy_path PASSED [ 17%]
tests/ingestion/test_packet.py::TestTelemetryPacket::test_create_valid_packet PASSED [ 23%]
tests/ingestion/test_receiver.py::TestTelemetryReceiver::test_receive_valid_packet PASSED [ 29%]
tests/ingestion/test_receiver_phase2.py::TestTelemetryReceiverPhase2::test_async_retries_up_to_three_then_succeeds PASSED [ 35%]
tests/ingestion/test_receiver_phase2.py::TestTelemetryReceiverPhase2::test_async_exception_increments_error_count PASSED [ 41%]
tests/ingestion/test_receiver_phase2.py::TestTelemetryReceiverPhase2::test_sequence_gap_logic_leq3_accepted_gt3_rejected PASSED [ 47%]
tests/ingestion/test_receiver_phase2.py::TestTelemetryReceiverPhase2::test_async_all_retries_fail_increments_error PASSED [ 52%]
tests/ingestion/test_receiver_phase2.py::TestTelemetryReceiverPhase2::test_buffer_eviction_when_capacity_exceeded PASSED [ 58%]
tests/ingestion/test_receiver_phase2.py::TestTelemetryReceiverPhase2::test_get_stats_returns_all_fields PASSED [ 64%]
tests/processors/test_milestone_processor.py::TestMilestoneProcessor::test_process_packet_updates_state PASSED [ 70%]
tests/processors/test_milestone_processor.py::TestMilestoneProcessor::test_process_complete_milestone PASSED [ 76%]
tests/processors/test_milestone_processor_phase1.py::TestMilestoneProcessorPhase1::test_progress_bumps_state_from_not_started_to_in_progress PASSED [ 82%]
tests/processors/test_milestone_processor_phase1.py::TestMilestoneProcessorPhase1::test_failed_sets_error_message PASSED [ 88%]
tests/processors/test_milestone_processor_phase1.py::TestMilestoneProcessorPhase1::test_in_progress_to_complete_updates_progress_100 PASSED [ 94%]
tests/status/test_readiness.py::TestReadinessComputer::test_ready_state PASSED [100%]

---------- coverage: platform linux, python 3.12.8-final-0 -----------
Name                                Stmts   Miss Branch BrPart  Cover   Missing
-------------------------------------------------------------------------------
api/server.py                          55     24      4      0    56%   50-56, 60, 68, 73-101
ingestion/packet.py                    25      2      6      2    87%   29, 48
ingestion/receiver.py                  44      0     14      0   100%
main.py                                 2      2      0      0     0%   1-2
processors/milestone_processor.py      56      3     20      2    93%   65, 77->81, 102-103
status/readiness.py                    59      8     20      5    81%   50, 79-82, 95, 103, 105
-------------------------------------------------------------------------------
TOTAL                                 241     39     64      9    83%
Coverage HTML written to dir htmlcov


============================== 17 passed in 1.08s ==============================
